date: 2014-04-28 21:49:29.109
argv: node C:\Documents and Settings\Administrator\Application Data\npm\node_modules\hexo\bin\hexo s -g
os: Windows_NT 5.1.2600 win32 ia32
version:
  hexo: 2.5.3
  http_parser: 1.0
  node: 0.10.26
  v8: 3.14.5.9
  ares: 1.9.0-DEV
  uv: 0.10.25
  zlib: 1.2.3
  modules: 11
  openssl: 1.0.1e
---

[debug] 21:49:28.055 Config file loaded
[debug] 21:49:28.060 Version info checked successfully
[debug] 21:49:28.137 Loading database.
[debug] 21:49:28.223 Script load successfully: fancybox.js
[debug] 21:49:28.616 Processed: favicon.ico
[debug] 21:49:28.878 Processed: images/top.jpg
[debug] 21:49:28.878 Processed: _posts/20140426 build-blog.md
[debug] 21:49:28.894 Processed: _posts/20140426 picture.md
[debug] 21:49:28.950 Processed: _posts/from-android-to-web.md
[debug] 21:49:28.950 Processed: _posts/gdb-vs-wlj.md
[debug] 21:49:28.953 Processed: _posts/google-glass-and-car.md
[debug] 21:49:28.953 Processed: _posts/monk-xuanzang.md
[debug] 21:49:28.953 Processed: _posts/original-iphone.md
[debug] 21:49:28.954 Processed: _posts/prepare-for-mount-qomolangma.md
[debug] 21:49:28.954 Processed: _posts/those-words.md
[debug] 21:49:28.956 Processed: Gruntfile.js
[debug] 21:49:28.956 Processed: LICENSE
[debug] 21:49:28.957 Processed: README.md
[debug] 21:49:28.957 Processed: package.json
[debug] 21:49:28.957 Processed: scripts/fancybox.js
[debug] 21:49:28.993 Processed: source/css/_extend.styl
[debug] 21:49:28.993 Processed: source/css/_variables.styl
[debug] 21:49:28.993 Processed: source/css/_partial/archive.styl
[debug] 21:49:28.994 Processed: source/css/_partial/article.styl
[debug] 21:49:28.994 Processed: source/css/_partial/comment.styl
[debug] 21:49:28.994 Processed: source/css/_partial/footer.styl
[debug] 21:49:28.994 Processed: source/css/_partial/header.styl
[debug] 21:49:28.994 Processed: source/css/_partial/highlight.styl
[debug] 21:49:28.994 Processed: source/css/_partial/mobile.styl
[debug] 21:49:28.994 Processed: source/css/_partial/scrolltop.styl
[debug] 21:49:28.994 Processed: source/css/_partial/sidebar-aside.styl
[debug] 21:49:28.994 Processed: source/css/_partial/sidebar-bottom.styl
[debug] 21:49:28.994 Processed: source/css/_partial/sidebar.styl
[debug] 21:49:28.995 Processed: source/css/_util/grid.styl
[debug] 21:49:28.995 Processed: source/css/_util/mixin.styl
[debug] 21:49:29.015 Processed: layout/archive.ejs
[debug] 21:49:29.015 Processed: layout/category.ejs
[debug] 21:49:29.015 Processed: layout/index.ejs
[debug] 21:49:29.015 Processed: layout/layout.ejs
[debug] 21:49:29.015 Processed: layout/page.ejs
[debug] 21:49:29.015 Processed: layout/post.ejs
[debug] 21:49:29.015 Processed: layout/tag.ejs
[debug] 21:49:29.015 Processed: layout/_widget/archive.ejs
[debug] 21:49:29.015 Processed: layout/_widget/blogroll.ejs
[debug] 21:49:29.015 Processed: layout/_widget/category.ejs
[debug] 21:49:29.016 Processed: layout/_widget/recent_posts.ejs
[debug] 21:49:29.016 Processed: layout/_widget/tag.ejs
[debug] 21:49:29.016 Processed: layout/_widget/tagcloud.ejs
[debug] 21:49:29.016 Processed: layout/_widget/weibo.ejs
[debug] 21:49:29.016 Processed: layout/_partial/after-footer.ejs
[debug] 21:49:29.016 Processed: layout/_partial/archive-post.ejs
[debug] 21:49:29.016 Processed: layout/_partial/archive.ejs
[debug] 21:49:29.016 Processed: layout/_partial/article.ejs
[debug] 21:49:29.016 Processed: layout/_partial/google-analytics.ejs
[debug] 21:49:29.017 Processed: layout/_partial/head.ejs
[debug] 21:49:29.017 Processed: layout/_partial/header.ejs
[debug] 21:49:29.017 Processed: layout/_partial/mobile-nav.ejs
[debug] 21:49:29.017 Processed: layout/_partial/sidebar.ejs
[debug] 21:49:29.017 Processed: layout/_partial/post/category.ejs
[debug] 21:49:29.018 Processed: layout/_partial/post/date.ejs
[debug] 21:49:29.018 Processed: layout/_partial/post/gallery.ejs
[debug] 21:49:29.018 Processed: layout/_partial/post/nav.ejs
[debug] 21:49:29.018 Processed: layout/_partial/post/tag.ejs
[debug] 21:49:29.019 Processed: source/js/script.js
[debug] 21:49:29.019 Processed: layout/_partial/post/title.ejs
[debug] 21:49:29.020 Processed: source/js/scrolltop.js
[debug] 21:49:29.021 Processed: source/css/style.styl
[debug] 21:49:29.022 Processed: source/css/fonts/FontAwesome.otf
[debug] 21:49:29.022 Processed: source/css/fonts/fontawesome-webfont.eot
[debug] 21:49:29.024 Processed: source/css/fonts/fontawesome-webfont.svg
[debug] 21:49:29.024 Processed: source/css/fonts/fontawesome-webfont.ttf
[debug] 21:49:29.025 Processed: source/css/fonts/fontawesome-webfont.woff
[debug] 21:49:29.026 Processed: source/css/images/background.jpg
[debug] 21:49:29.027 Processed: source/fancybox/blank.gif
[debug] 21:49:29.028 Processed: source/fancybox/fancybox_loading.gif
[debug] 21:49:29.029 Processed: source/fancybox/fancybox_loading@2x.gif
[debug] 21:49:29.030 Processed: source/fancybox/fancybox_overlay.png
[debug] 21:49:29.031 Processed: source/fancybox/fancybox_sprite.png
[debug] 21:49:29.032 Processed: source/fancybox/fancybox_sprite@2x.png
[debug] 21:49:29.033 Processed: source/fancybox/jquery.fancybox.css
[debug] 21:49:29.035 Processed: source/fancybox/jquery.fancybox.js
[debug] 21:49:29.036 Processed: source/fancybox/jquery.fancybox.pack.js
[debug] 21:49:29.037 Processed: source/fancybox/helpers/fancybox_buttons.png
[debug] 21:49:29.038 Processed: source/fancybox/helpers/jquery.fancybox-buttons.css
[debug] 21:49:29.039 Processed: source/fancybox/helpers/jquery.fancybox-buttons.js
[debug] 21:49:29.040 Processed: source/fancybox/helpers/jquery.fancybox-media.js
[debug] 21:49:29.042 Processed: source/fancybox/helpers/jquery.fancybox-thumbs.css
[debug] 21:49:29.043 Processed: source/fancybox/helpers/jquery.fancybox-thumbs.js
[error] 21:49:29.090 HexoError: Process failed: _posts/Training.md
TypeError: Cannot read property '_content' of null
    at Array.async.auto.post [as 2] (C:\Documents and Settings\Administrator\Application Data\npm\node_modules\hexo\lib\plugins\processor\post.js:114:26)
    at listener (C:\Documents and Settings\Administrator\Application Data\npm\node_modules\hexo\node_modules\async\lib\async.js:478:46)
    at C:\Documents and Settings\Administrator\Application Data\npm\node_modules\hexo\node_modules\async\lib\async.js:429:17
    at Array.forEach (native)
    at _each (C:\Documents and Settings\Administrator\Application Data\npm\node_modules\hexo\node_modules\async\lib\async.js:39:24)
    at Object.taskComplete (C:\Documents and Settings\Administrator\Application Data\npm\node_modules\hexo\node_modules\async\lib\async.js:428:13)
    at processImmediate [as _immediateCallback] (timers.js:330:15)

[debug] 21:49:29.104 Theme config loaded
[debug] 21:49:29.104 Processed: _config.yml
[debug] 21:49:29.106 Processed: layout/_partial/footer.ejs
[debug] 21:49:29.109 Cache saved